2024-09-21 20:02:55 info: [90mGET /[39m [36m304[39m [90m2ms[39m
2024-09-21 20:03:40 info: [90mGET /[39m [36m304[39m [90m1ms[39m
2024-09-21 20:03:51 info: [90mGET /[39m [32m200[39m [90m1ms[39m
2024-09-21 20:05:29 info: [90mGET /qewfqe[39m [33m404[39m [90m1ms[39m
2024-09-21 20:06:23 error: middlewareError
2024-09-21 20:06:23 info: [90mGET /error[39m [31m500[39m [90m9ms[39m
2024-09-21 20:06:47 info: [90mGET /error[39m [33m404[39m [90m2ms[39m
2024-09-22 12:46:40 info: [90mGET /api/v1[39m [32m200[39m [90m1ms[39m
2024-09-22 13:21:26 info: [90mPOST /api/v1/register[39m [33m404[39m [90m3ms[39m
2024-09-22 13:21:57 error: Validation error: Required,Required,Required
2024-09-22 13:21:57 info: [90mPOST /api/v1/auth/register[39m [33m400[39m [90m4ms[39m
2024-09-22 13:26:32 error: Validation error: Password must contain at least one uppercase letter
2024-09-22 13:26:32 info: [90mPOST /api/v1/auth/register[39m [33m400[39m [90m12ms[39m
2024-09-22 13:26:45 info: [90mPOST /api/v1/auth/register[39m [32m201[39m [90m2173ms[39m
2024-09-23 11:36:41 info: [90mPOST /api/v1/auth/register[39m [31m500[39m [90m330ms[39m
2024-09-23 11:36:50 info: [90mPOST /api/v1/auth/register[39m [32m201[39m [90m257ms[39m
2024-09-23 11:37:10 error: Validation error: Required,Required
2024-09-23 11:37:10 info: [90mPOST /api/v1/auth/login[39m [33m400[39m [90m3ms[39m
2024-09-23 11:38:50 info: [90mPOST /api/v1/auth/register[39m [31m500[39m [90m133ms[39m
2024-09-23 12:14:43 info: [90mPOST /api/v1/auth/login[39m [33m401[39m [90m240ms[39m
2024-09-23 12:21:33 info: [90mPOST /api/v1/auth/login[39m [33m401[39m [90m284ms[39m
2024-09-23 12:42:48 info: [90mPOST /api/v1/auth/login[39m [32m200[39m [90m1419ms[39m
2024-09-23 13:07:08 info: [90mPOST /api/v1/auth/login[39m [32m200[39m [90m257ms[39m
2024-09-23 13:46:53 info: [90mPOST /api/v1/auth/sign-out[39m [33m401[39m [90m2ms[39m
2024-09-23 13:47:06 info: [90mPOST /api/v1/auth/sign-out[39m [33m401[39m [90m3ms[39m
2024-09-23 13:47:17 info: [90mPOST /api/v1/auth/sign-out[39m [33m401[39m [90m2ms[39m
2024-09-23 13:47:22 info: [90mPOST /api/v1/auth/login[39m [32m200[39m [90m328ms[39m
2024-09-23 13:47:32 info: [90mPOST /api/v1/auth/sign-out[39m [32m200[39m [90m107ms[39m
2024-09-23 15:20:12 info: [90mPOST /api/v1/auth/register[39m [32m201[39m [90m423ms[39m
2024-09-23 15:20:22 info: [90mPOST /api/v1/auth/login[39m [33m401[39m [90m136ms[39m
2024-09-23 15:20:29 info: [90mPOST /api/v1/auth/login[39m [32m200[39m [90m151ms[39m
2024-09-23 15:20:40 info: [90mPOST /api/v1/auth/sign-out[39m [33m401[39m [90m3ms[39m
2024-09-23 15:20:45 info: [90mPOST /api/v1/auth/sign-out[39m [32m200[39m [90m57ms[39m
2024-09-23 17:22:12 info: [90mPOST /api/v1/auth/login[39m [32m200[39m [90m353ms[39m
2024-09-23 17:22:38 info: [90mPOST /api/v1/auth/sign-out[39m [36m302[39m [90m71ms[39m
2024-09-23 17:22:38 info: [90mGET /auth/refresh-token[39m [33m404[39m [90m4ms[39m
2024-09-23 17:23:15 info: [90mPOST /api/v1/auth/sign-out[39m [33m401[39m [90m21ms[39m
2024-09-23 17:23:39 info: [90mPOST /api/v1/auth/sign-out[39m [32m200[39m [90m96ms[39m
2024-09-23 17:23:45 info: [90mPOST /api/v1/auth/login[39m [32m200[39m [90m500ms[39m
2024-09-23 17:23:56 info: [90mPOST /api/v1/auth/sign-out[39m [32m200[39m [90m113ms[39m
2024-09-23 17:24:32 info: [90mPOST /api/v1/auth/login[39m [32m200[39m [90m272ms[39m
2024-09-23 17:24:54 info: [90mPOST /api/v1/auth/sign-out[39m [33m401[39m [90m1ms[39m
2024-09-23 17:28:27 info: [90mGET /api/v1/users/[39m [33m403[39m [90m10ms[39m
2024-09-23 17:28:58 info: [90mGET /api/v1/users/me[39m [32m200[39m [90m270ms[39m
2024-09-23 17:31:25 info: [90mGET /api/v1/users/me[39m [32m200[39m [90m164ms[39m
2024-09-23 17:31:39 info: [90mPUT /api/v1/users/me[39m [32m200[39m [90m136ms[39m
2024-09-23 17:31:49 info: [90mPUT /api/v1/users/me[39m [32m200[39m [90m72ms[39m
2024-09-23 17:32:43 info: [90mPATCH /api/v1/users/me[39m [32m200[39m [90m162ms[39m
2024-09-23 17:32:49 info: [90mDELETE /api/v1/users/me[39m [32m200[39m [90m289ms[39m
2024-09-23 17:32:54 info: [90mGET /api/v1/users/me[39m [31m500[39m [90m62ms[39m
2024-09-23 17:33:55 info: [90mPOST /api/v1/auth/register[39m [32m201[39m [90m561ms[39m
2024-09-23 17:35:29 info: [90mPOST /api/v1/auth/login[39m [32m200[39m [90m274ms[39m
2024-09-23 17:35:44 info: [90mGET /api/v1/users/[39m [33m403[39m [90m6ms[39m
2024-09-23 17:35:49 info: [90mGET /api/v1/users/[39m [33m403[39m [90m3ms[39m
2024-09-23 17:36:29 info: [90mGET /api/v1/users/[39m [32m200[39m [90m200ms[39m
2024-09-23 17:36:50 info: [90mGET /api/v1/users/:4[39m [31m500[39m [90m117ms[39m
2024-09-23 17:36:54 info: [90mGET /api/v1/users/4[39m [32m200[39m [90m169ms[39m
2024-09-23 17:36:58 info: [90mGET /api/v1/users/3[39m [32m200[39m [90m75ms[39m
2024-09-23 17:37:03 info: [90mGET /api/v1/users/2[39m [32m200[39m [90m79ms[39m
2024-09-23 17:37:07 info: [90mGET /api/v1/users/1[39m [32m200[39m [90m201ms[39m
2024-09-23 17:37:10 info: [90mGET /api/v1/users/55[39m [32m200[39m [90m62ms[39m
2024-09-23 17:38:07 info: [90mGET /api/v1/users/55[39m [33m404[39m [90m144ms[39m
2024-09-23 18:17:42 info: [90mGET /api/v1/categories[39m [33m401[39m [90m2ms[39m
2024-09-23 18:17:51 info: [90mGET /api/v1/categories[39m [33m401[39m [90m4ms[39m
2024-09-23 18:17:55 info: [90mPOST /api/v1/auth/login[39m [32m200[39m [90m356ms[39m
2024-09-23 18:18:06 info: [90mGET /api/v1/categories[39m [32m200[39m [90m134ms[39m
2024-09-23 18:18:39 info: [90mPOST /api/v1/categories[39m [33m404[39m [90m2ms[39m
2024-09-23 18:18:51 error: Validation error: Required,Required
2024-09-23 18:18:51 info: [90mPOST /api/v1/categories/add-category[39m [33m400[39m [90m3ms[39m
2024-09-23 18:19:17 error: Validation error: Required
2024-09-23 18:19:17 info: [90mPOST /api/v1/categories/add-category[39m [33m400[39m [90m7ms[39m
2024-09-23 18:19:36 info: [90mPOST /api/v1/categories/add-category[39m [32m201[39m [90m371ms[39m
2024-09-23 18:19:59 info: [90mPOST /api/v1/categories/add-category[39m [33m401[39m [90m0ms[39m
2024-09-23 18:20:05 error: Validation error: Required
2024-09-23 18:20:05 info: [90mPOST /api/v1/categories/add-category[39m [33m400[39m [90m1ms[39m
2024-09-23 18:20:24 info: [90mGET /api/v1/categories/[39m [32m200[39m [90m176ms[39m
2024-09-23 18:20:27 info: [90mPOST /api/v1/categories/add-category[39m [31m500[39m [90m68ms[39m
2024-09-23 18:21:17 info: [90mDELETE /api/v1/categories/band[39m [32m204[39m [90m201ms[39m
2024-09-23 18:21:25 info: [90mGET /api/v1/categories/[39m [32m200[39m [90m92ms[39m
2024-09-23 18:21:32 info: [90mPOST /api/v1/categories/add-category[39m [32m201[39m [90m65ms[39m
2024-09-23 18:22:03 info: [90mPOST /api/v1/categories/add-category[39m [32m201[39m [90m168ms[39m
2024-09-23 18:22:06 info: [90mPOST /api/v1/categories/add-category[39m [31m500[39m [90m97ms[39m
2024-09-23 18:34:57 info: [90mGET /api/v1/products[39m [33m401[39m [90m2ms[39m
2024-09-23 18:35:03 info: [90mGET /api/v1/products[39m [33m401[39m [90m3ms[39m
2024-09-23 18:35:10 info: [90mPOST /api/v1/auth/login[39m [32m200[39m [90m342ms[39m
2024-09-23 18:35:23 info: [90mGET /api/v1/products[39m [32m200[39m [90m120ms[39m
2024-09-23 18:36:42 info: [90mPOST /api/v1/products/[39m [31m500[39m [90m225ms[39m
2024-09-23 18:36:52 info: [90mGET /api/v1/categories/[39m [33m401[39m [90m1ms[39m
2024-09-23 18:37:08 info: [90mGET /api/v1/categories/[39m [32m200[39m [90m189ms[39m
2024-09-23 18:40:15 info: [90mGET /api/v1/categories/[39m [32m200[39m [90m209ms[39m
2024-09-23 18:40:24 info: [90mPOST /api/v1/products/[39m [32m201[39m [90m183ms[39m
2024-09-23 18:40:28 info: [90mGET /api/v1/products[39m [32m200[39m [90m334ms[39m
2024-09-23 18:42:13 info: [90mGET /api/v1/products%2Fhey%20Protein[39m [33m404[39m [90m2ms[39m
2024-09-23 18:42:21 info: [90mGET /api/v1/products/Whey%20Protein[39m [33m401[39m [90m0ms[39m
2024-09-23 18:42:28 info: [90mGET /api/v1/products/Whey%20Protein[39m [32m200[39m [90m244ms[39m
2024-09-23 18:42:50 info: [90mGET /api/v1/products/1[39m [33m401[39m [90m0ms[39m
2024-09-23 18:42:59 info: [90mGET /api/v1/products/1[39m [33m404[39m [90m218ms[39m
2024-09-23 18:43:11 info: [90mGET /api/v1/products/2[39m [33m404[39m [90m62ms[39m
2024-09-23 20:03:40 info: [90mPOST /api/v1/auth/register[39m [32m201[39m [90m1593ms[39m
2024-09-23 20:03:52 info: [90mPOST /api/v1/auth/login[39m [32m200[39m [90m186ms[39m
